sys:1: UserWarning: SECRET_KEY environment variable is not set. Using an insecure default — set SECRET_KEY in your .env file before deploying.
 * Restarting with stat
sys:1: UserWarning: SECRET_KEY environment variable is not set. Using an insecure default — set SECRET_KEY in your .env file before deploying.
 * Debugger is active!
 * Debugger PIN: 388-916-418
(14868) wsgi starting up on http://0.0.0.0:5000
 * Detected change in '/home/ihl/Desktop/student_dashboard/app.py', reloading
 * Restarting with stat
sys:1: UserWarning: SECRET_KEY environment variable is not set. Using an insecure default — set SECRET_KEY in your .env file before deploying.
 * Debugger is active!
 * Debugger PIN: 388-916-418
(16731) wsgi starting up on http://0.0.0.0:5000
 * Detected change in '/home/ihl/Desktop/student_dashboard/app.py', reloading
 * Restarting with stat
sys:1: UserWarning: SECRET_KEY environment variable is not set. Using an insecure default — set SECRET_KEY in your .env file before deploying.
 * Debugger is active!
 * Debugger PIN: 388-916-418
(16763) wsgi starting up on http://0.0.0.0:5000
 * Detected change in '/home/ihl/Desktop/student_dashboard/app.py', reloading
 * Restarting with stat
sys:1: UserWarning: SECRET_KEY environment variable is not set. Using an insecure default — set SECRET_KEY in your .env file before deploying.
 * Debugger is active!
 * Debugger PIN: 388-916-418
(16792) wsgi starting up on http://0.0.0.0:5000
 * Detected change in '/home/ihl/Desktop/student_dashboard/app.py', reloading
 * Restarting with stat
sys:1: UserWarning: SECRET_KEY environment variable is not set. Using an insecure default — set SECRET_KEY in your .env file before deploying.
 * Debugger is active!
 * Debugger PIN: 388-916-418
(16825) wsgi starting up on http://0.0.0.0:5000
 * Detected change in '/home/ihl/Desktop/student_dashboard/app.py', reloading
 * Restarting with stat
sys:1: UserWarning: SECRET_KEY environment variable is not set. Using an insecure default — set SECRET_KEY in your .env file before deploying.
 * Debugger is active!
 * Debugger PIN: 388-916-418
(16849) wsgi starting up on http://0.0.0.0:5000
 * Detected change in '/home/ihl/Desktop/student_dashboard/app.py', reloading
 * Restarting with stat
sys:1: UserWarning: SECRET_KEY environment variable is not set. Using an insecure default — set SECRET_KEY in your .env file before deploying.
 * Debugger is active!
 * Debugger PIN: 388-916-418
(17836) wsgi starting up on http://0.0.0.0:5000
 * Detected change in '/home/ihl/Desktop/student_dashboard/app.py', reloading
 * Restarting with stat
sys:1: UserWarning: SECRET_KEY environment variable is not set. Using an insecure default — set SECRET_KEY in your .env file before deploying.
 * Debugger is active!
 * Debugger PIN: 388-916-418
(18819) wsgi starting up on http://0.0.0.0:5000
 * Detected change in '/home/ihl/Desktop/student_dashboard/app.py', reloading
 * Restarting with stat
sys:1: UserWarning: SECRET_KEY environment variable is not set. Using an insecure default — set SECRET_KEY in your .env file before deploying.
 * Debugger is active!
 * Debugger PIN: 388-916-418
(19717) wsgi starting up on http://0.0.0.0:5000
 * Detected change in '/home/ihl/Desktop/student_dashboard/app.py', reloading
 * Restarting with stat
sys:1: UserWarning: SECRET_KEY environment variable is not set. Using an insecure default — set SECRET_KEY in your .env file before deploying.
 * Debugger is active!
 * Debugger PIN: 388-916-418
(20617) wsgi starting up on http://0.0.0.0:5000
 * Detected change in '/home/ihl/Desktop/student_dashboard/app.py', reloading
 * Restarting with stat
sys:1: UserWarning: SECRET_KEY environment variable is not set. Using an insecure default — set SECRET_KEY in your .env file before deploying.
 * Debugger is active!
 * Debugger PIN: 388-916-418
(21515) wsgi starting up on http://0.0.0.0:5000
 * Detected change in '/home/ihl/Desktop/student_dashboard/app.py', reloading
 * Restarting with stat
sys:1: UserWarning: SECRET_KEY environment variable is not set. Using an insecure default — set SECRET_KEY in your .env file before deploying.
 * Debugger is active!
 * Debugger PIN: 388-916-418
(22260) wsgi starting up on http://0.0.0.0:5000
 * Detected change in '/home/ihl/Desktop/student_dashboard/app.py', reloading
 * Restarting with stat
sys:1: UserWarning: SECRET_KEY environment variable is not set. Using an insecure default — set SECRET_KEY in your .env file before deploying.
 * Debugger is active!
 * Debugger PIN: 388-916-418
(22499) wsgi starting up on http://0.0.0.0:5000
 * Detected change in '/home/ihl/Desktop/student_dashboard/app.py', reloading
 * Restarting with stat
sys:1: UserWarning: SECRET_KEY environment variable is not set. Using an insecure default — set SECRET_KEY in your .env file before deploying.
 * Debugger is active!
 * Debugger PIN: 388-916-418
(24190) wsgi starting up on http://0.0.0.0:5000
 * Detected change in '/home/ihl/.local/lib/python3.10/site-packages/werkzeug/sansio/__init__.py', reloading
 * Restarting with stat
sys:1: UserWarning: SECRET_KEY environment variable is not set. Using an insecure default — set SECRET_KEY in your .env file before deploying.
 * Debugger is active!
 * Debugger PIN: 388-916-418
(27551) wsgi starting up on http://0.0.0.0:5000
